Case #1: GVKMXTEUAIYDCLSZJPQRBHFNOW
Case #2: IMPOSSIBLE
Case #3: DIMYHVLNUPGJKBXFTROAQWZCES
Case #4: DIMYHVLNUPGJKBXFTROAQWZCES
Case #5: IMPOSSIBLE
Case #6: XEZNMAJPLHUFBSQCRYOIWVTGKD
Case #7: XEZNMAJPLHUFBSQCRYOIWVTGKD
Case #8: XEZNMAJPLHUFBSQCRYOIWVTGKD
Case #9: XEZNMAJPLHUFBSQCRYOIWVTGKD
Case #10: XEZNMAJPLHUFBSQCRYOIWVTGKD
Case #11: XEZNMAJPLHUFBSQCRYOIWVTGKD
Case #12: XEZNMAJPLHUFBSQCRYOIWVTGKD
Case #13: XEZNMAJPLHUFBSQCRYOIWVTGKD
Case #14: XEZNMAJPLHUFBSQCRYOIWVTGKD
Case #15: XEZNMAJPLHUFBSQCRYOIWVTGKD
Case #16: XEZNMAJPLHUFBSQCRYOIWVTGKD
Case #17: XEZNMAJPLHUFBSQCRYOIWVTGKD
Case #18: XEZNMAJPLHUFBSQCRYOIWVTGKD
Case #19: XEZNMAJPLHUFBSQCRYOIWVTGKD
Case #20: XEZNMAJPLHUFBSQCRYOIWVTGKD
Case #21: XEZNMAJPLHUFBSQCRYOIWVTGKD
Case #22: XEZNMAJPLHUFBSQCRYOIWVTGKD
Case #23: XEZNMAJPLHUFBSQCRYOIWVTGKD
Case #24: XEZNMAJPLHUFBSQCRYOIWVTGKD
Case #25: XEZNMAJPLHUFBSQCRYOIWVTGKD
Case #26: LPFRVNOSXJGBHTZQYWMIECAKUD
Case #27: XEZNMAJPLHUFBSQCRYOIWVTGKD
Case #28: XEZNMAJPLHUFBSQCRYOIWVTGKD
Case #29: XEZNMAJPLHUFBSQCRYOIWVTGKD
Case #30: XEZNMAJPLHUFBSQCRYOIWVTGKD
Case #31: XEZNMAJPLHUFBSQCRYOIWVTGKD
Case #32: XEZNMAJPLHUFBSQCRYOIWVTGKD
Case #33: XEZNMAJPLHUFBSQCRYOIWVTGKD
Case #34: XEZNMAJPLHUFBSQCRYOIWVTGKD
Case #35: XEZNMAJPLHUFBSQCRYOIWVTGKD
Case #36: XEZNMAJPLHUFBSQCRYOIWVTGKD
Case #37: XEZNMAJPLHUFBSQCRYOIWVTGKD
Case #38: XEZNMAJPLHUFBSQCRYOIWVTGKD
Case #39: XEZNMAJPLHUFBSQCRYOIWVTGKD
Case #40: XEZNMAJPLHUFBSQCRYOIWVTGKD
Case #41: XEZNMAJPLHUFBSQCRYOIWVTGKD
Case #42: XEZNMAJPLHUFBSQCRYOIWVTGKD
Case #43: XEZNMAJPLHUFBSQCRYOIWVTGKD
Case #44: XEZNMAJPLHUFBSQCRYOIWVTGKD
Case #45: XEZNMAJPLHUFBSQCRYOIWVTGKD
Case #46: XEZNMAJPLHUFBSQCRYOIWVTGKD
Case #47: XEZNMAJPLHUFBSQCRYOIWVTGKD
Case #48: XEZNMAJPLHUFBSQCRYOIWVTGKD
Case #49: XEZNMAJPLHUFBSQCRYOIWVTGKD
Case #50: XEZNMAJPLHUFBSQCRYOIWVTGKD
Case #51: XEZNMAJPLHUFBSQCRYOIWVTGKD
Case #52: XEZNMAJPLHUFBSQCRYOIWVTGKD
Case #53: XEZNMAJPLHUFBSQCRYOIWVTGKD
Case #54: XEZNMAJPLHUFBSQCRYOIWVTGKD
Case #55: XEZNMAJPLHUFBSQCRYOIWVTGKD
Case #56: XEZNMAJPLHUFBSQCRYOIWVTGKD
Case #57: XEZNMAJPLHUFBSQCRYOIWVTGKD
Case #58: XEZNMAJPLHUFBSQCRYOIWVTGKD
Case #59: XEZNMAJPLHUFBSQCRYOIWVTGKD
Case #60: XEZNMAJPLHUFBSQCRYOIWVTGKD
Case #61: XEZNMAJPLHUFBSQCRYOIWVTGKD
Case #62: XEZNMAJPLHUFBSQCRYOIWVTGKD
Case #63: XEZNMAJPLHUFBSQCRYOIWVTGKD
Case #64: XEZNMAJPLHUFBSQCRYOIWVTGKD
Case #65: XEZNMAJPLHUFBSQCRYOIWVTGKD
Case #66: LPFRVNOSXJGBHTZQYWMIECAKUD
Case #67: XEZNMAJPLHUFBSQCRYOIWVTGKD
Case #68: XEZNMAJPLHUFBSQCRYOIWVTGKD
Case #69: XEZNMAJPLHUFBSQCRYOIWVTGKD
Case #70: XEZNMAJPLHUFBSQCRYOIWVTGKD
Case #71: XEZNMAJPLHUFBSQCRYOIWVTGKD
Case #72: XEZNMAJPLHUFBSQCRYOIWVTGKD
Case #73: XEZNMAJPLHUFBSQCRYOIWVTGKD
Case #74: XEZNMAJPLHUFBSQCRYOIWVTGKD
Case #75: XEZNMAJPLHUFBSQCRYOIWVTGKD
Case #76: XEZNMAJPLHUFBSQCRYOIWVTGKD
Case #77: XEZNMAJPLHUFBSQCRYOIWVTGKD
Case #78: XEZNMAJPLHUFBSQCRYOIWVTGKD
Case #79: XEZNMAJPLHUFBSQCRYOIWVTGKD
Case #80: XEZNMAJPLHUFBSQCRYOIWVTGKD
Case #81: XEZNMAJPLHUFBSQCRYOIWVTGKD
Case #82: XEZNMAJPLHUFBSQCRYOIWVTGKD
Case #83: XEZNMAJPLHUFBSQCRYOIWVTGKD
Case #84: XEZNMAJPLHUFBSQCRYOIWVTGKD
Case #85: IMPOSSIBLE
Case #86: KISPQWVBAZDTOJEYCUNGLRMFXH
Case #87: VQABZDPGIOHMKNTLCEJWRSXUFY
Case #88: VQABZDPGIOHMKNTLCEJWRSXUFY
Case #89: VQABZDPGIOHMKNTLCEJWRSXUFY
Case #90: VQABZDPGIOHMKNTLCEJWRSXUFY
Case #91: VQABZDPGIOHMKNTLCEJWRSXUFY
Case #92: VQABZDPGIOHMKNTLCEJWRSXUFY
Case #93: VQABZDPGIOHMKNTLCEJWRSXUFY
Case #94: VQABZDPGIOHMKNTLCEJWRSXUFY
Case #95: VQABZDPGIOHMKNTLCEJWRSXUFY
Case #96: VQABZDPGIOHMKNTLCEJWRSXUFY
Case #97: VQABZDPGIOHMKNTLCEJWRSXUFY
Case #98: VQABZDPGIOHMKNTLCEJWRSXUFY
Case #99: VQABZDPGIOHMKNTLCEJWRSXUFY
Case #100: VQABZDPGIOHMKNTLCEJWRSXUFY
