Case #1: QBMFUEJTCDKGVLHXOPWRIZAYSN
Case #2: IMPOSSIBLE
Case #3: ONMSEFQHYGTIZADBWLKXRPVUJC
Case #4: ONMSEFQHYGTIZADBWLKXRPVUJC
Case #5: DLYMVHTOQZXWAJGKERBUCIPNFS
Case #6: IMPOSSIBLE
Case #7: YSVWDJHKOCIRPFQUZTAXMLEGNB
Case #8: XBPTAFHQKNVZWDUGYICJSRMLOE
Case #9: IMPOSSIBLE
Case #10: IMPOSSIBLE
Case #11: EXHACSPTVMWLUDGIZKBRQOFJNY
Case #12: BHGDQYXWUJSZLIRKFMEVPANOTC
Case #13: JSPQKREHNYBZAXIVGUCFTLWDMO
Case #14: ZHTFVUGEQAXICWPNJRMLSKOBYD
Case #15: DLZSGBHOKXWTENMFVJYQACPURI
Case #16: PSHRMGWZOYCJKFBDAQNTUXVLEI
Case #17: DVKUSNFGYCOZAIWQHMJTBEPXRL
Case #18: DVKUSNFGYCOZAIWQHMJTBEPXRL
Case #19: JZXPBTLGQWROCFVMYKUNSDEIAH
Case #20: IQGNYMWTJUAHRXKZLOPSCBFVDE
Case #21: FUSKBAPDHVXQOGNMCYTRIZJWEL
Case #22: IMPOSSIBLE
Case #23: LUWMBDTQYIVPZHKXSCRNAGJEFO
Case #24: SDLJBAWEHXGQKFMURZIVPYNTCO
Case #25: IMPOSSIBLE
Case #26: MYPBQXKRCGFDTINWEVOZLUJHSA
Case #27: IFKPNOAQDGSYHRJZMWUBCXETVL
Case #28: GWHSBTUNYEDMOZRLAPQCFIVJXK
Case #29: LPWFGAVZDJIRUOETBHYCMNQKSX
Case #30: PGWNJOELAIZMKXFCQVHDBUYRST
Case #31: IMPOSSIBLE
Case #32: MPOZHJURCSYWXGKFEILQDAVNBT
Case #33: ODFHBQYJMEGACZPXNWKVTRIUSL
Case #34: IMPOSSIBLE
Case #35: HJKUAPNOEQILRDGXFYWSVTMZCB
Case #36: WYZQFNDXHVJKOERATPSGULCBIM
Case #37: TBZHJENFAKGSDWVXRPIUOCQMLY
Case #38: IMPOSSIBLE
Case #39: IMPOSSIBLE
Case #40: DMUETOLGHPZNWJFSCRBVYAIKQX
Case #41: IMPOSSIBLE
Case #42: BMNSGCKLWVAXEPDIUOTYFJHQZR
Case #43: GLCFJNKDEBQSZHORAUPYIWVMTX
Case #44: IABDRHNYWZFECQKMXGVPLUOJST
Case #45: IMPOSSIBLE
Case #46: EBGTRHOPMNIFWLYZDSCAUKJXVQ
Case #47: UWSXGJBQRCKPDHZYILMNOVFEAT
Case #48: EBGTRHOPMNIFWLYZDSCAUKJXVQ
Case #49: KBFPJLXWHUNTAODICRZGSVQMYE
Case #50: FJRQHKGLXTPDAZVYSEIUWNBCMO
Case #51: FONQJUTXWMGYEBRZDPLICAVKHS
Case #52: YFQCMNEVRKUXLGPBTIZAHOWDSJ
Case #53: QWTFLJVUHBDRXPAEGNMCSKYIOZ
Case #54: YQIVWPDEATLZUGMOSNRXCHKFJB
Case #55: LFVMBJXTEHNAGKWDOQIYZRPUSC
Case #56: LFVMBJXTEHNAGKWDOQIYZRPUSC
Case #57: NRZXYFQCJASGWLBTIUEHPOVDKM
Case #58: VPXLJIQWMYOFUGZRDNTHEBSACK
Case #59: ZCWHJESLPGAKFNOVXQBIRYMTDU
Case #60: IMPOSSIBLE
Case #61: TRKUZSIWMFXENVJOALYPDHBGCQ
Case #62: FTSNOIKQUHEMVPZDRWYLBAJCXG
Case #63: NVMDFHYXJGWPKEQZUSCRAIBTOL
Case #64: IMPOSSIBLE
Case #65: IMPOSSIBLE
Case #66: GOWNCQUIFATLJBXEHSVMYPKDZR
Case #67: XYATMQWZOVJRDIPFCLSBNUEKGH
Case #68: OCFQTILHAMVXPWKZDEJGRSYUBN
Case #69: GYMKCIJVNLHUPOZXQARSDFTEWB
Case #70: BEOSRJACXGTQDHMFLYIZPKWUNV
Case #71: DLKQZVCNPIASEMRGUJTYFOWXHB
Case #72: JTSWEVGLFDBQKXOIPCNRZAUYMH
Case #73: NCWOHQBKSVFPDYMGRIZAEUJXLT
Case #74: NHLTUXKBAMYGECPVFZDIJWQRSO
Case #75: IMPOSSIBLE
Case #76: OVEWPZGCAJIHDULTSYRBXFNKQM
Case #77: MHRZYCITNPEKBVUWXLAGOQSFJD
Case #78: WETRGFVZHIKXQUNJSBDYCAOMLP
Case #79: WZTJDNKHRILUGXPASYFMEBQCOV
Case #80: IMPOSSIBLE
Case #81: FAGLHOZCTXQSMRYUWBEVDKJNIP
Case #82: VMKLFRZSAJYEIPGDQUBWTXNHOC
Case #83: YKIEHOFTDGXMBWLCVAQNRPUJZS
Case #84: YJVIOMZRSLWBQKDCUPATFGHNXE
Case #85: AGHWRLEOJKMNVQBDYTZSIUFCXP
Case #86: AGHWRLEOJKMNVQBDYTZSIUFCXP
Case #87: CFQWLBUPSRXYEAOIKTJGNMDHVZ
Case #88: PWIBKGMYDHOUTRNQJXLVASZEFC
Case #89: PWIBKGMYDHOUTRNQJXLVASZEFC
Case #90: CTMAKEVPDULRXNJSBQHIZWFGOY
Case #91: PWIBKGMYDHOUTRNQJXLVASZEFC
Case #92: MBULJOEWFZAIDSKGYXHNQCPTVR
Case #93: PRWNDZHJEVOUAIBCXSYMTFKGQL
Case #94: IMPOSSIBLE
Case #95: HBSJYUNEQGXFTWZAPLCODVMRKI
Case #96: PDKBSVMGZWUIQCFRHYAXTENOLJ
Case #97: YNFMWXKJESITOPUHLADZVQRCGB
Case #98: IMPOSSIBLE
Case #99: FWSYDRAVLGQITXPMKHZENUBCJO
Case #100: SKETBCUPYIJODQAHGZWRMNVLXF
